\BOOKMARK [2][-]{subsection.1}{A Green's function by completeness}{}% 1
\BOOKMARK [3][-]{subsubsection.6}{Eigenfunctions}{subsection.1}% 2
\BOOKMARK [3][-]{subsubsection.7}{Completeness}{subsection.1}% 3
\BOOKMARK [3][-]{subsubsection.9}{Hands on}{subsection.1}% 4
\BOOKMARK [2][-]{subsection.12}{A Green's function by patching}{}% 5
\BOOKMARK [3][-]{subsubsection.13}{Solve the homogeneous equation}{subsection.12}% 6
\BOOKMARK [3][-]{subsubsection.17}{Patching, Part 1}{subsection.12}% 7
\BOOKMARK [3][-]{subsubsection.20}{Patching, Part 2}{subsection.12}% 8
\BOOKMARK [3][-]{subsubsection.22}{Patching, Part 3}{subsection.12}% 9
\BOOKMARK [3][-]{subsubsection.23}{Extra Credit: k2=0}{subsection.12}% 10
\BOOKMARK [2][-]{subsection.24}{That funny i in the derivative}{}% 11
\BOOKMARK [2][-]{subsection.26}{Practice with complex integration}{}% 12
\BOOKMARK [3][-]{subsubsection.27}{This is not a closed loop}{subsection.26}% 13
\BOOKMARK [3][-]{subsubsection.29}{Contour integrals}{subsection.26}% 14
\BOOKMARK [2][-]{subsection.34}{How to find Residues}{}% 15
\BOOKMARK [1][-]{section.39}{Extra Credit}{}% 16
\BOOKMARK [2][-]{subsection.40}{A two-dimensional function space}{section.39}% 17
\BOOKMARK [2][-]{subsection.45}{Black Hole Entropy and Dimensional Analysis}{section.39}% 18
\BOOKMARK [3][-]{subsubsection.46}{The Planck Mass}{subsection.45}% 19
\BOOKMARK [3][-]{subsubsection.48}{Hawking Radiation}{subsection.45}% 20
\BOOKMARK [3][-]{subsubsection.49}{The Holographic Principle}{subsection.45}% 21
\BOOKMARK [2][-]{subsection.55}{Renormalization Group as Dimensional Analysis}{section.39}% 22
\BOOKMARK [2][-]{subsection.57}{Sturm\205Liouville Operator}{section.39}% 23
\BOOKMARK [3][-]{subsubsection.59}{Formal adjoint}{subsection.57}% 24
\BOOKMARK [3][-]{subsubsection.62}{Self-Adjoint Case}{subsection.57}% 25
